::1{Array
(
    [action] => inloggen
    [email] => idjslkdjfs@idsfsdi.sdfois
    [login] => login
    [HTTP_USER_AGENT] => Mozilla/5.0 (Windows NT 10.0; Win64; x64) AppleWebKit/537.36 (KHTML, like Gecko) Chrome/59.0.3071.115 Safari/537.36
)
}

::1{
Array
(
    [action] => inloggen
    [email] => test123@test123.test123
    [login] => login
    [HTTP_USER_AGENT] => Mozilla/5.0 (Windows NT 10.0; Win64; x64) AppleWebKit/537.36 (KHTML, like Gecko) Chrome/59.0.3071.115 Safari/537.36
)
}

::1-08:22{
Array
(
    [action] => inloggen
    [email] => sdad@dds.dsad
    [login] => login
    [HTTP_USER_AGENT] => Mozilla/5.0 (Windows NT 10.0; Win64; x64) AppleWebKit/537.36 (KHTML, like Gecko) Chrome/59.0.3071.115 Safari/537.36
)
}

